10
15
w 6 2
w 6 11
w 6 8
w 4 9
w 5 12
w 6 5
w 2 13
w 4 8
w 3 9
w 6 12
w 7 3
w 6 9
w 3 7
w 7 9
w 5 11
w 2 7
w 5 10
w 5 9
w 5 7
w 7 7
w 2 5
w 2 6
w 6 4
w 3 6
w 6 7
w 1 1
w 4 7
w 5 8
w 4 11
w 7 8
w 3 10
w 7 10
w 4 10
w 4 6
w 6 3
w 6 10
w 3 8
p 8 11
p 1 3
p 8 4
p 3 14
p 6 13
p 2 12
p 2 11
p 2 14
p 1 9
p 0 0
p 9 3
p 3 1
p 0 6
p 2 10
p 2 1
p 0 8
p 5 5
p 9 2
p 4 3
p 3 13
p 4 1
p 0 12
p 8 12
p 6 1
p 8 14
p 1 2
p 1 4
p 9 4
p 3 5
p 4 0
p 5 1
p 0 7
p 6 14
p 5 3
p 8 10
p 4 5
p 3 11
p 4 4
p 0 9
p 4 12
p 0 4
p 5 4
p 5 0
p 8 9
p 2 0
p 4 14
p 7 12
p 1 12
p 5 2
p 4 2
p 5 6
p 8 13
p 3 12
p 0 10
p 3 0
p 1 11
m 0 14
1 9 0
2 9 0
3 9 0
t 300 0
m 0 14
1 9 1
2 9 1
3 8 0
t 299 0
m 0 14
1 8 1
2 9 2
3 7 0
t 298 0
f 1 0
m 0 14
1 7 1
2 8 2
3 6 0
t 297 0
m 0 14
1 6 1
2 8 3
3 5 0
t 296 0
m 0 14
1 5 1
2 8 4
3 5 1
t 295 0
m 0 14
1 5 2
2 8 5
3 4 1
t 294 0
m 0 14
1 5 3
2 8 6
3 3 1
t 293 0
m 0 14
1 5 4
2 8 7
3 2 1
t 292 0
m 0 14
1 4 4
2 8 8
3 2 2
t 291 0
m 0 14
1 4 5
2 8 9
3 1 2
t 290 0
m 0 14
1 3 5
2 8 10
3 1 3
t 289 0
m 0 14
1 4 5
2 8 11
3 0 3
t 288 0
m 0 14
1 3 5
2 8 12
3 0 4
t 287 0
m 0 14
1 4 5
2 8 13
3 0 5
t 286 0
m 0 14
1 3 5
2 8 14
3 0 6
t 285 0
m 0 14
1 3 4
2 7 14
3 0 7
t 284 0
m 0 14
1 3 5
2 6 14
3 0 8
t 283 0
m 0 14
1 4 5
2 5 14
3 0 9
t 282 0
m 0 14
1 3 5
2 4 14
3 0 10
t 281 0
m 0 14
1 3 4
2 3 14
3 0 11
t 280 0
m 0 14
1 3 5
2 2 14
3 0 12
t 279 0
m 0 14
1 3 4
2 3 14
3 0 13
t 278 0
m 1 14
1 2 4
2 2 14
3 0 14
t 277 0
m 1 13
1 1 4
2 1 14
3 1 14
t 276 0
m 1 12
1 1 5
2 1 13
3 1 13
t 275 1
m 2 12
1 1 6
2 1 12
3 1 12
t 274 3
m 3 12
1 1 7
2 2 12
3 2 12
t 273 5
m 3 13
1 1 8
2 3 12
3 3 12
t 272 7
m 3 14
1 2 8
2 3 13
3 3 13
t 271 8
m 2 14
1 2 9
2 3 14
3 3 14
t 270 10
m 1 14
1 1 9
2 2 14
3 2 14
t 269 10
m 0 14
1 0 9
2 1 14
3 1 14
t 268 10
m 0 13
1 0 10
2 0 14
3 1 13
t 267 10
m 0 12
1 0 11
2 0 13
3 0 13
t 266 12
m 1 12
1 0 12
2 1 13
3 1 13
t 265 12
m 1 11
1 1 12
2 1 12
3 1 12
t 264 14
m 2 11
1 1 11
2 2 12
3 2 12
t 263 16
m 2 10
1 2 11
2 2 11
3 2 11
t 262 17
m 2 9
1 2 10
2 2 10
3 2 10
t 261 17
m 2 8
1 2 9
2 2 9
3 2 9
t 260 17
m 1 8
1 2 8
2 2 8
3 1 9
t 259 17
m 0 8
1 1 8
2 1 8
3 1 8
t 258 19
m 0 7
1 1 7
2 0 8
3 1 7
t 257 21
m 0 6
1 1 6
2 0 7
3 0 7
t 256 23
m 0 5
1 1 5
2 0 6
3 0 6
t 255 23
m 0 4
1 0 5
2 0 5
3 0 5
t 254 25
m 1 4
1 1 5
2 0 4
3 1 5
t 253 26
m 1 3
1 1 4
2 1 4
3 1 4
t 252 28
m 0 3
1 0 4
2 1 3
3 1 3
t 251 28
m 0 2
1 0 3
2 0 3
3 1 2
t 250 28
m 0 1
1 0 2
2 0 2
3 0 2
t 249 28
m 0 0
1 0 1
2 0 1
3 0 1
t 248 30
m 1 0
1 0 0
2 0 0
3 0 0
t 247 40
m 2 0
1 1 0
2 1 0
3 1 0
t 246 42
m 2 1
1 2 0
2 2 0
3 2 0
t 245 43
m 2 2
1 2 1
2 2 1
3 2 1
t 244 43
m 1 2
1 2 2
2 2 2
3 2 2
t 243 45
m 1 3
1 2 3
2 2 3
3 1 2
t 242 45
m 1 4
1 2 4
2 1 3
3 1 3
t 241 45
m 0 4
1 1 4
2 0 3
3 1 4
t 240 45
m 0 5
1 0 4
2 0 4
3 1 5
t 239 45
m 0 6
1 0 5
2 0 5
3 0 5
t 238 45
m 1 6
1 1 5
2 0 6
3 1 5
t 237 45
m 1 7
1 1 6
2 0 7
3 1 6
t 236 45
m 1 8
1 1 7
2 0 8
3 1 7
t 235 45
m 2 8
1 1 8
2 1 8
3 1 8
t 234 45
m 2 9
1 2 8
2 1 9
3 1 9
t 233 45
m 2 10
1 2 9
2 1 10
3 1 10
t 232 45
m 2 11
1 2 10
2 1 11
3 2 10
t 231 45
m 3 11
1 2 11
2 2 11
3 2 11
t 230 47
m 3 12
1 3 11
2 3 11
3 3 11
t 229 47
f 9 8
m 2 12
1 2 11
2 2 11
3 2 11
t 228 47
m 3 12
1 2 12
2 3 11
3 2 12
t 227 47
m 4 12
1 3 12
2 3 12
3 3 12
t 226 49
m 4 13
1 3 13
2 4 12
3 3 13
t 225 49
m 4 14
1 3 14
2 4 13
3 4 13
t 224 51
m 5 14
1 4 14
2 5 13
3 4 14
t 223 51
m 6 14
1 5 14
2 5 14
3 5 14
t 222 52
m 7 14
1 6 14
2 6 14
3 6 14
t 221 52
m 8 14
1 7 14
2 7 14
3 7 14
t 220 54
m 9 14
1 8 14
2 8 14
3 8 14
t 219 54
m 9 13
1 9 14
2 8 13
3 9 14
t 218 54
m 9 12
1 9 13
2 9 13
3 9 13
t 217 54
m 8 12
1 8 13
2 9 12
3 9 12
t 216 56
m 8 11
1 8 12
2 8 12
3 9 11
t 215 58
m 8 10
1 8 11
2 8 11
3 8 11
t 214 60
m 8 9
1 8 10
2 8 10
3 8 10
t 213 61
m 9 9
1 9 10
2 8 9
3 9 10
t 212 61
m 9 8
1 9 9
2 9 9
3 9 9
t 211 71
m 9 7
1 9 8
2 9 8
3 9 8
t 210 71
m 8 7
1 9 7
2 9 7
3 8 8
t 209 71
m 8 6
1 8 7
2 9 6
3 8 7
t 208 71
m 7 6
1 8 6
2 8 6
3 8 6
t 207 71
m 6 6
1 7 6
2 7 6
3 7 6
t 206 71
m 5 6
1 6 6
2 6 6
3 6 6
t 205 73
m 5 5
1 5 6
2 5 6
3 5 6
t 204 75
m 4 5
1 5 5
2 5 5
3 5 5
t 203 77
m 4 4
1 5 4
2 5 4
3 5 4
t 202 78
m 4 3
1 4 4
2 4 4
3 4 4
t 201 80
m 5 3
1 5 4
2 5 4
3 5 4
t 200 82
m 4 3
1 4 4
2 5 3
3 5 3
t 199 82
m 3 3
1 3 4
2 4 3
3 4 3
t 198 82
m 3 2
1 3 3
2 4 2
3 4 2
t 197 82
m 3 1
1 3 2
2 4 1
3 4 1
t 196 84
m 3 0
1 3 1
2 3 1
3 3 1
t 195 86
m 4 0
1 4 1
2 3 0
3 3 0
t 194 87
m 5 0
1 5 1
2 4 0
3 4 0
t 193 89
m 6 0
1 6 1
2 5 0
3 5 0
t 192 89
m 7 0
1 7 1
2 6 0
3 6 0
t 191 89
m 8 0
1 7 0
2 7 0
3 7 0
t 190 89
m 9 0
1 8 0
2 8 0
3 8 0
t 189 89
m 9 1
1 8 1
2 8 1
3 8 1
t 188 89
m 9 2
1 8 2
2 8 2
3 9 1
t 187 91
m 9 3
1 9 2
2 9 2
3 9 2
t 186 93
m 8 3
1 9 3
2 8 2
3 8 2
t 185 93
m 8 4
1 8 3
2 8 3
3 8 3
t 184 95
m 9 4
1 9 3
2 9 3
3 9 3
t 183 96
m 9 5
1 9 4
2 9 4
3 9 4
t 182 96
m 9 6
1 9 5
2 9 5
3 9 5
t 181 96
m 8 6
1 8 5
2 9 6
3 9 6
t 180 96
m 7 6
1 7 5
2 8 6
3 8 6
t 179 96
m 6 6
1 7 6
2 7 6
3 7 6
t 178 96
m 5 6
1 6 6
2 6 6
3 6 6
t 177 96
m 5 5
1 5 6
2 5 6
3 5 6
t 176 96
m 5 4
1 5 5
2 5 5
3 5 5
t 175 98
m 4 4
1 5 4
2 4 5
3 4 5
t 174 98
m 4 3
1 5 3
2 4 4
3 4 4
t 173 98
m 4 2
1 4 3
2 4 3
3 4 3
t 172 100
m 3 2
1 3 3
2 4 2
3 4 2
t 171 100
m 2 2
1 2 3
2 3 2
3 3 2
t 170 100
m 1 2
1 1 3
2 2 2
3 2 2
t 169 100
m 0 2
1 1 2
2 1 2
3 1 2
t 168 100
m 0 1
1 0 2
2 0 2
3 0 2
t 167 100
m 0 0
1 0 1
2 0 1
3 0 1
t 166 100
m 1 0
1 0 0
2 0 0
3 0 0
t 165 100
m 2 0
1 1 0
2 1 0
3 1 0
t 164 100
m 3 0
1 2 0
2 2 0
3 2 0
t 163 100
m 3 1
1 2 1
2 2 1
3 2 1
t 162 100
m 3 2
1 3 1
2 2 2
3 2 2
t 161 100
m 4 2
1 4 1
2 3 2
3 3 2
t 160 100
m 5 2
1 4 2
2 4 2
3 4 2
t 159 102
m 5 1
1 5 2
2 4 1
3 5 2
t 158 103
m 6 1
1 5 1
2 5 1
3 5 1
t 157 105
m 6 0
1 5 0
2 6 1
3 5 0
t 156 105
m 7 0
1 6 0
2 7 1
3 6 0
t 155 105
f 0 4
m 8 0
1 7 0
2 8 1
3 7 0
t 154 105
m 9 0
1 8 0
2 9 1
3 8 0
t 153 105
m 9 0
1 9 0
2 9 1
3 8 0
t 152 105

