10
15
w 6 2
w 6 11
w 1 9
w 6 8
w 6 6
w 4 9
w 6 5
w 5 2
w 5 3
w 2 9
w 4 8
w 7 5
w 3 9
w 7 3
w 6 9
w 7 4
w 3 7
w 2 7
w 5 10
w 5 9
w 5 7
w 2 12
w 2 8
w 5 5
w 5 4
w 6 4
w 3 6
w 7 11
w 6 7
w 4 7
w 5 8
w 5 6
w 4 6
w 8 13
w 6 3
w 6 10
w 3 8
p 7 6
p 0 7
p 2 3
p 2 0
p 1 14
p 8 8
p 3 14
p 3 12
p 5 11
p 3 13
p 0 12
p 1 3
p 0 10
p 6 0
p 1 6
p 4 3
p 4 1
p 1 2
p 6 13
p 3 0
p 2 6
p 9 14
p 7 7
p 4 12
p 4 0
p 8 9
p 5 13
p 4 14
p 2 2
p 8 12
p 0 9
p 8 4
p 7 8
p 9 1
p 9 12
p 0 3
p 2 14
p 5 1
p 8 0
p 0 4
p 9 4
p 8 7
p 9 5
p 2 10
p 7 1
p 2 4
p 4 5
p 0 11
p 5 14
p 3 4
p 3 2
p 0 0
p 3 1
p 8 5
p 0 8
p 0 5
m 0 14
1 9 0
2 9 0
3 9 0
t 300 0
m 1 14
1 8 0
2 8 0
3 8 0
t 299 1
f 4 10
m 1 14
1 9 0
2 9 0
3 9 0
t 298 1
m 2 14
1 9 1
2 9 1
3 9 1
t 297 3
m 2 13
1 9 0
2 9 0
3 9 0
t 296 3
m 2 14
1 9 1
2 9 1
3 9 1
t 295 3
m 3 14
1 9 0
2 9 0
3 9 0
t 294 5
m 4 14
1 9 1
2 9 1
3 9 1
t 293 7
m 4 14
1 9 0
2 9 0
3 9 0
t 292 7
m 4 14
1 9 1
2 9 1
3 9 1
t 291 7
m 4 14
1 9 2
2 9 2
3 9 2
t 290 7
m 5 14
1 9 1
2 9 1
3 9 1
t 289 8
m 5 13
1 8 1
2 8 1
3 8 1
t 288 10
m 5 14
1 9 1
2 9 1
3 9 1
t 287 10
m 4 14
1 9 0
2 9 0
3 9 0
t 286 10
m 3 14
1 8 0
2 8 0
3 8 0
t 285 10
m 3 13
1 9 0
2 9 0
3 9 0
t 284 12
m 4 13
1 8 0
2 8 0
3 8 0
t 283 12
m 4 14
1 9 0
2 9 0
3 9 0
t 282 12
m 4 13
1 9 1
2 9 1
3 9 1
t 281 12
m 4 13
1 9 0
2 9 0
3 9 0
t 280 12
m 4 14
1 8 0
2 8 0
3 8 0
t 279 12
m 5 14
1 9 0
2 9 0
3 9 0
t 278 12
m 5 14
1 9 1
2 9 1
3 9 1
t 277 12
m 5 13
1 9 0
2 9 0
3 9 0
t 276 12
m 5 12
1 8 0
2 8 0
3 8 0
t 275 12
m 6 12
1 9 0
2 9 0
3 9 0
t 274 12
m 6 13
1 9 1
2 9 1
3 9 1
t 273 14
m 6 13
1 9 0
2 9 0
3 9 0
t 272 14
m 7 13
1 9 1
2 9 1
3 9 1
t 271 14
m 7 12
1 9 0
2 9 0
3 9 0
t 270 14
m 6 12
1 8 0
2 8 0
3 8 0
t 269 14
m 5 12
1 9 0
2 9 0
3 9 0
t 268 14
m 5 12
1 9 1
2 9 1
3 9 1
t 267 14
m 5 12
1 9 0
2 9 0
3 9 0
t 266 14
m 5 11
1 8 0
2 8 0
3 8 0
t 265 16
m 5 12
1 9 0
2 9 0
3 9 0
t 264 16
m 5 13
1 8 0
2 8 0
3 8 0
t 263 16
m 5 12
1 7 0
2 7 0
3 7 0
t 262 16
m 5 13
1 8 0
2 8 0
3 8 0
t 261 16
m 4 13
1 9 0
2 9 0
3 9 0
t 260 16
m 4 12
1 8 0
2 8 0
3 8 0
t 259 17
m 4 12
1 9 0
2 9 0
3 9 0
t 258 17
m 4 12
1 9 1
2 9 1
3 9 1
t 257 17
m 4 12
1 9 0
2 9 0
3 9 0
t 256 17
m 3 12
1 9 1
2 9 1
3 9 1
t 255 19
m 3 12
1 9 0
2 9 0
3 9 0
t 254 19
m 3 11
1 9 1
2 9 1
3 9 1
t 253 19
m 2 11
1 9 0
2 9 0
3 9 0
t 252 19
m 3 11
1 8 0
2 8 0
3 8 0
t 251 19
m 3 10
1 9 0
2 9 0
3 9 0
t 250 19
m 2 10
1 8 0
2 8 0
3 8 0
t 249 21
m 2 10
1 9 0
2 9 0
3 9 0
t 248 21
m 2 11
1 9 1
2 9 1
3 9 1
t 247 21
m 3 11
1 9 0
2 9 0
3 9 0
t 246 21
m 3 10
1 8 0
2 8 0
3 8 0
t 245 21
m 4 10
1 9 0
2 9 0
3 9 0
t 244 31
m 4 10
1 8 0
2 8 0
3 8 0
t 243 31
m 3 10
1 9 0
2 9 0
3 9 0
t 242 31
m 3 11
1 9 1
2 9 1
3 9 1
t 241 31
m 3 10
1 9 0
2 9 0
3 9 0
t 240 31
m 2 10
1 9 1
2 9 1
3 9 1
t 239 31
m 2 11
1 8 1
2 8 1
3 8 1
t 238 31
m 3 11
1 8 0
2 8 0
3 8 0
t 237 31
m 3 10
1 9 0
2 9 0
3 9 0
t 236 31
m 2 10
1 9 1
2 9 1
3 9 1
t 235 31
m 1 10
1 9 0
2 9 0
3 9 0
t 234 31
m 1 11
1 8 0
2 8 0
3 8 0
t 233 31
m 1 10
1 9 0
2 9 0
3 9 0
t 232 31
m 1 11
1 8 0
2 8 0
3 8 0
t 231 31
m 0 11
1 9 0
2 9 0
3 9 0
t 230 33
m 1 11
1 9 1
2 9 1
3 9 1
t 229 33
m 1 12
1 9 0
2 9 0
3 9 0
t 228 33
m 1 13
1 9 1
2 9 1
3 9 1
t 227 33
m 1 12
1 9 0
2 9 0
3 9 0
t 226 33
m 0 12
1 9 1
2 9 1
3 9 1
t 225 35
m 0 13
1 9 0
2 9 0
3 9 0
t 224 35
m 1 13
1 9 1
2 9 1
3 9 1
t 223 35
m 1 12
1 9 0
2 9 0
3 9 0
t 222 35
m 0 12
1 8 0
2 8 0
3 8 0
t 221 35
m 0 11
1 9 0
2 9 0
3 9 0
t 220 35
m 0 11
1 9 1
2 9 1
3 9 1
t 219 35
m 0 12
1 9 0
2 9 0
3 9 0
t 218 35
m 0 13
1 9 1
2 9 1
3 9 1
t 217 35
m 1 13
1 9 0
2 9 0
3 9 0
t 216 35
f 2 10
m 1 13
1 9 1
2 9 1
3 9 1
t 215 35
m 1 12
1 9 0
2 9 0
3 9 0
t 214 35
m 0 12
1 8 0
2 8 0
3 8 0
t 213 35
m 0 12
1 9 0
2 9 0
3 9 0
t 212 35
m 1 12
1 8 0
2 8 0
3 8 0
t 211 35
m 1 12
1 9 0
2 9 0
3 9 0
t 210 35
m 1 11
1 9 1
2 9 1
3 9 1
t 209 35
m 0 11
1 9 0
2 9 0
3 9 0
t 208 35
m 1 11
1 8 0
2 8 0
3 8 0
t 207 35
m 2 11
1 9 0
2 9 0
3 9 0
t 206 35
m 3 11
1 8 0
2 8 0
3 8 0
t 205 35
m 4 11
1 9 0
2 9 0
3 9 0
t 204 35
m 4 11
1 9 1
2 9 1
3 9 1
t 203 35
m 4 10
1 9 0
2 9 0
3 9 0
t 202 35
m 4 10
1 8 0
2 8 0
3 8 0
t 201 35
m 3 10
1 9 0
2 9 0
3 9 0
t 200 35
m 4 10
1 9 1
2 9 1
3 9 1
t 199 35
m 3 10
1 9 0
2 9 0
3 9 0
t 198 35
m 4 10
1 8 0
2 8 0
3 8 0
t 197 35
m 4 11
1 9 0
2 9 0
3 9 0
t 196 35
m 4 11
1 8 0
2 8 0
3 8 0
t 195 35
m 4 11
1 9 0
2 9 0
3 9 0
t 194 35
m 3 11
1 9 1
2 9 1
3 9 1
t 193 35
m 3 11
1 8 1
2 8 1
3 8 1
t 192 35
m 3 11
1 9 1
2 9 1
3 9 1
t 191 35
m 2 11
1 9 0
2 9 0
3 9 0
t 190 35
m 2 10
1 9 1
2 9 1
3 9 1
t 189 45
m 3 10
1 9 0
2 9 0
3 9 0
t 188 45
m 3 10
1 8 0
2 8 0
3 8 0
t 187 45
m 3 10
1 9 0
2 9 0
3 9 0
t 186 45
m 4 10
1 9 1
2 9 1
3 9 1
t 185 45
m 3 10
1 9 0
2 9 0
3 9 0
t 184 45
m 3 10
1 9 1
2 9 1
3 9 1
t 183 45
m 3 11
1 9 0
2 9 0
3 9 0
t 182 45
m 3 10
1 9 1
2 9 1
3 9 1
t 181 45
m 3 10
1 9 0
2 9 0
3 9 0
t 180 45
m 2 10
1 8 0
2 8 0
3 8 0
t 179 45
m 2 10
1 9 0
2 9 0
3 9 0
t 178 45
m 2 10
1 8 0
2 8 0
3 8 0
t 177 45
m 2 10
1 9 0
2 9 0
3 9 0
t 176 45
m 1 10
1 9 1
2 9 1
3 9 1
t 175 45
m 1 10
1 9 0
2 9 0
3 9 0
t 174 45
m 0 10
1 8 0
2 8 0
3 8 0
t 173 46
m 0 11
1 9 0
2 9 0
3 9 0
t 172 46
m 0 10
1 9 1
2 9 1
3 9 1
t 171 46
m 0 10
1 9 2
2 9 2
3 9 2
t 170 46
m 0 9
1 9 1
2 9 1
3 9 1
t 169 48
m 0 9
1 9 0
2 9 0
3 9 0
t 168 48
m 0 8
1 9 1
2 9 1
3 9 1
t 167 50
m 0 8
1 9 0
2 9 0
3 9 0
t 166 50
m 1 8
1 9 1
2 9 1
3 9 1
t 165 50
m 1 7
1 9 0
2 9 0
3 9 0
t 164 50
m 1 6
1 9 1
2 9 1
3 9 1
t 163 52
m 2 6
1 9 0
2 9 0
3 9 0
t 162 53
m 2 5
1 9 1
2 9 1
3 9 1
t 161 53
m 1 5
1 9 0
2 9 0
3 9 0
t 160 53
m 1 5
1 9 1
2 9 1
3 9 1
t 159 53
m 1 4
1 9 0
2 9 0
3 9 0
t 158 53
m 1 4
1 9 1
2 9 1
3 9 1
t 157 53
m 0 4
1 9 0
2 9 0
3 9 0
t 156 55
m 0 3
1 8 0
2 8 0
3 8 0
t 155 57
m 0 3
1 9 0
2 9 0
3 9 0
t 154 57
m 1 3
1 9 1
2 9 1
3 9 1
t 153 59
m 1 2
1 9 0
2 9 0
3 9 0
t 152 61
m 1 2
1 9 1
2 9 1
3 9 1
t 151 61
m 1 2
1 9 0
2 9 0
3 9 0
t 150 61
m 1 2
1 9 1
2 9 1
3 9 1
t 149 61
m 2 2
1 9 0
2 9 0
3 9 0
t 148 62
f 6 14
m 2 2
1 8 0
2 8 0
3 8 0
t 147 62
m 2 2
1 9 0
2 9 0
3 9 0
t 146 62
m 2 1
1 8 0
2 8 0
3 8 0
t 145 62
m 2 0
1 9 0
2 9 0
3 9 0
t 144 64
m 3 0
1 9 1
2 9 1
3 9 1
t 143 66
m 4 0
1 9 2
2 9 2
3 9 2
t 142 68
m 4 0
1 9 3
2 9 3
3 9 3
t 141 68
m 4 1
1 9 4
2 9 4
3 9 4
t 140 70
m 4 0
1 9 5
2 9 5
3 9 5
t 139 70
m 5 0
1 9 6
2 9 6
3 9 6
t 138 70
m 5 1
1 9 7
2 9 7
3 9 7
t 137 71
m 6 1
1 9 8
2 9 8
3 9 8
t 136 71
m 6 1
1 9 9
2 9 9
3 9 9
t 135 71
m 7 1
1 9 10
2 9 10
3 9 10
t 134 73
m 8 1
1 9 11
2 9 11
3 9 11
t 133 73
m 9 1
1 9 12
2 9 12
3 9 12
t 132 75
m 9 1
1 9 13
2 9 13
3 9 13
t 131 75
m 8 1
1 9 14
2 9 14
3 9 14
t 130 75
m 8 1
1 9 13
2 9 13
3 9 13
t 129 75
m 8 2
1 9 14
2 9 14
3 9 14
t 128 75
m 8 2
1 9 13
2 9 13
3 9 13
t 127 75
m 8 3
1 9 14
2 9 14
3 9 14
t 126 75
m 8 2
1 9 13
2 9 13
3 9 13
t 125 75
m 8 1
1 9 14
2 9 14
3 9 14
t 124 75
m 9 1
1 8 14
2 8 14
3 8 14
t 123 75
m 9 2
1 7 14
2 7 14
3 7 14
t 122 75
m 9 3
1 6 14
2 6 14
3 6 14
t 121 75
m 9 2
1 5 14
2 5 14
3 5 14
t 120 75
m 9 1
1 4 14
2 4 14
3 4 14
t 119 75
m 9 0
1 3 14
2 3 14
3 3 14
t 118 75
m 8 0
1 2 14
2 2 14
3 2 14
t 117 77
m 8 1
1 1 14
2 1 14
3 1 14
t 116 77
m 7 1
1 0 14
2 0 14
3 0 14
t 115 77
m 7 2
1 1 14
2 1 14
3 1 14
t 114 77
m 8 2
1 0 14
2 0 14
3 0 14
t 113 77
m 8 2
1 1 14
2 1 14
3 1 14
t 112 77
m 8 3
1 0 14
2 0 14
3 0 14
t 111 77
m 8 4
1 1 14
2 1 14
3 1 14
t 110 78
m 8 4
1 0 14
2 0 14
3 0 14
t 109 78
m 8 5
1 0 13
2 0 13
3 0 13
t 108 80
m 9 5
1 0 14
2 0 14
3 0 14
t 107 82
m 9 6
1 1 14
2 1 14
3 1 14
t 106 82
m 8 6
1 1 13
2 1 13
3 1 13
t 105 82
m 7 6
1 0 13
2 0 13
3 0 13
t 104 84
m 7 6
1 0 14
2 0 14
3 0 14
t 103 84
m 8 6
1 1 14
2 1 14
3 1 14
t 102 84
m 7 6
1 0 14
2 0 14
3 0 14
t 101 84
m 7 7
1 1 14
2 1 14
3 1 14
t 100 86
m 7 7
1 0 14
2 0 14
3 0 14
t 99 86
m 7 8
1 0 13
2 0 13
3 0 13
t 98 87
m 7 8
1 0 14
2 0 14
3 0 14
t 97 87
m 7 7
1 1 14
2 1 14
3 1 14
t 96 87
m 7 7
1 0 14
2 0 14
3 0 14
t 95 87
m 7 6
1 1 14
2 1 14
3 1 14
t 94 87
m 8 6
1 0 14
2 0 14
3 0 14
t 93 87
m 8 7
1 0 13
2 0 13
3 0 13
t 92 89
m 8 6
1 0 14
2 0 14
3 0 14
t 91 89
m 7 6
1 1 14
2 1 14
3 1 14
t 90 89
m 7 7
1 0 14
2 0 14
3 0 14
t 89 89
m 7 8
1 1 14
2 1 14
3 1 14
t 88 89
m 8 8
1 0 14
2 0 14
3 0 14
t 87 91
m 8 7
1 1 14
2 1 14
3 1 14
t 86 91
m 8 8
1 0 14
2 0 14
3 0 14
t 85 91
m 8 8
1 0 13
2 0 13
3 0 13
t 84 91
m 8 8
1 0 14
2 0 14
3 0 14
t 83 91
m 9 8
1 1 14
2 1 14
3 1 14
t 82 91
m 9 9
1 0 14
2 0 14
3 0 14
t 81 91
m 8 9
1 1 14
2 1 14
3 1 14
t 80 93
m 7 9
1 0 14
2 0 14
3 0 14
t 79 93
m 8 9
1 0 13
2 0 13
3 0 13
t 78 93
m 8 9
1 0 14
2 0 14
3 0 14
t 77 93
m 9 9
1 0 13
2 0 13
3 0 13
t 76 93
m 8 9
1 0 14
2 0 14
3 0 14
t 75 93
m 8 9
1 1 14
2 1 14
3 1 14
t 74 93
m 8 9
1 0 14
2 0 14
3 0 14
t 73 93
m 8 10
1 1 14
2 1 14
3 1 14
t 72 93
m 8 10
1 0 14
2 0 14
3 0 14
t 71 93
m 9 10
1 1 14
2 1 14
3 1 14
t 70 93
m 9 11
1 0 14
2 0 14
3 0 14
t 69 93
m 9 12
1 1 14
2 1 14
3 1 14
t 68 95
m 9 13
1 0 14
2 0 14
3 0 14
t 67 95
m 9 13
1 0 13
2 0 13
3 0 13
t 66 95
m 9 12
1 0 14
2 0 14
3 0 14
t 65 95
m 9 13
1 0 13
2 0 13
3 0 13
t 64 95
m 9 12
1 0 14
2 0 14
3 0 14
t 63 95
m 9 11
1 0 13
2 0 13
3 0 13
t 62 95
m 9 12
1 0 14
2 0 14
3 0 14
t 61 95
m 9 13
1 1 14
2 1 14
3 1 14
t 60 95
m 9 13
1 0 14
2 0 14
3 0 14
t 59 95
m 9 13
1 0 13
2 0 13
3 0 13
t 58 95
m 9 13
1 0 14
2 0 14
3 0 14
t 57 95
m 9 12
1 0 13
2 0 13
3 0 13
t 56 95
m 9 12
1 0 14
2 0 14
3 0 14
t 55 95
m 8 12
1 1 14
2 1 14
3 1 14
t 54 96
m 9 12
1 0 14
2 0 14
3 0 14
t 53 96
m 9 13
1 0 13
2 0 13
3 0 13
t 52 96
m 9 13
1 0 12
2 0 12
3 0 12
t 51 96
m 9 12
1 0 13
2 0 13
3 0 13
t 50 96
m 9 12
1 0 14
2 0 14
3 0 14
t 49 96
m 9 12
1 1 14
2 1 14
3 1 14
t 48 96
m 9 13
1 0 14
2 0 14
3 0 14
t 47 96
m 9 13
1 1 14
2 1 14
3 1 14
t 46 96
m 9 13
1 0 14
2 0 14
3 0 14
t 45 96
m 9 12
1 0 13
2 0 13
3 0 13
t 44 96
m 9 13
1 0 14
2 0 14
3 0 14
t 43 96
m 9 13
1 0 13
2 0 13
3 0 13
t 42 96
m 9 12
1 0 14
2 0 14
3 0 14
t 41 96
m 9 12
1 0 13
2 0 13
3 0 13
t 40 96
m 9 13
1 0 12
2 0 12
3 0 12
t 39 96
m 9 13
1 0 11
2 0 11
3 0 11
t 38 96
m 9 13
1 0 10
2 0 10
3 0 10
t 37 96
m 9 12
1 0 9
2 0 9
3 0 9
t 36 96
m 8 12
1 0 8
2 0 8
3 0 8
t 35 96
m 7 12
1 0 7
2 0 7
3 0 7
t 34 96
m 7 12
1 0 6
2 0 6
3 0 6
t 33 96
m 7 13
1 0 5
2 0 5
3 0 5
t 32 96
m 7 12
1 0 4
2 0 4
3 0 4
t 31 96
m 8 12
1 0 3
2 0 3
3 0 3
t 30 96
m 8 12
1 0 2
2 0 2
3 0 2
t 29 96
m 9 12
1 0 1
2 0 1
3 0 1
t 28 96
m 9 11
1 0 2
2 0 2
3 0 2
t 27 96
m 8 11
1 0 1
2 0 1
3 0 1
t 26 96
m 8 11
1 0 0
2 0 0
3 0 0
t 25 96
m 8 11
1 0 1
2 0 1
3 0 1
t 24 96
m 8 12
1 0 0
2 0 0
3 0 0
t 23 96
m 9 12
1 0 1
2 0 1
3 0 1
t 22 96
m 9 12
1 0 0
2 0 0
3 0 0
t 21 96
m 9 12
1 1 0
2 1 0
3 1 0
t 20 96
m 9 11
1 0 0
2 0 0
3 0 0
t 19 96
m 8 11
1 1 0
2 1 0
3 1 0
t 18 96
m 8 12
1 0 0
2 0 0
3 0 0
t 17 96
m 9 12
1 1 0
2 1 0
3 1 0
t 16 96
m 9 13
1 0 0
2 0 0
3 0 0
t 15 96
m 9 12
1 0 1
2 0 1
3 0 1
t 14 96
m 9 13
1 1 1
2 1 1
3 1 1
t 13 96
m 9 13
1 0 1
2 0 1
3 0 1
t 12 96
m 9 13
1 0 2
2 0 2
3 0 2
t 11 96
m 9 13
1 0 1
2 0 1
3 0 1
t 10 96
m 9 12
1 0 0
2 0 0
3 0 0
t 9 96
m 9 12
1 1 0
2 1 0
3 1 0
t 8 96
m 9 12
1 0 0
2 0 0
3 0 0
t 7 96
m 9 13
1 0 1
2 0 1
3 0 1
t 6 96
m 9 12
1 0 0
2 0 0
3 0 0
t 5 96
m 8 12
1 1 0
2 1 0
3 1 0
t 4 96
m 9 12
1 0 0
2 0 0
3 0 0
t 3 96
m 9 11
1 0 1
2 0 1
3 0 1
t 2 96
m 9 11
1 0 0
2 0 0
3 0 0
t 1 96
m 9 10
1 0 1
2 0 1
3 0 1
t 0 96

