10
15
w 6 11
w 6 8
w 4 9
w 5 12
w 6 5
w 2 9
w 4 8
w 3 9
w 6 12
w 7 12
w 6 9
w 3 7
w 5 11
w 6 13
w 5 10
w 5 9
w 5 7
w 7 7
w 2 8
w 5 5
w 2 10
w 7 13
w 6 4
w 6 7
w 4 7
w 5 8
w 4 5
w 4 11
w 7 8
w 3 10
w 7 1
w 5 6
w 4 6
w 4 10
w 6 3
w 6 10
w 3 8
p 2 5
p 0 3
p 9 5
p 4 4
p 6 1
p 7 11
p 5 13
p 2 0
p 5 0
p 3 6
p 3 2
p 2 13
p 3 14
p 5 1
p 1 8
p 8 0
p 0 2
p 4 14
p 1 6
p 9 1
p 8 12
p 3 12
p 8 2
p 7 4
p 4 12
p 7 0
p 2 7
p 8 11
p 8 7
p 9 0
p 4 3
p 1 2
p 7 9
p 0 5
p 9 11
p 8 3
p 8 13
p 1 7
p 0 11
p 0 4
p 0 1
p 2 4
p 1 4
p 8 6
p 8 1
p 1 10
p 3 0
p 9 6
p 9 4
p 2 11
p 8 10
p 1 12
p 7 10
p 1 9
p 2 6
p 7 5
m 0 14
1 9 0
2 9 0
3 9 0
t 300 0
m 0 13
1 9 1
2 9 1
3 9 1
t 299 0
m 0 13
1 9 0
2 9 0
3 9 0
t 298 0
m 0 13
1 9 1
2 8 0
3 8 0
t 297 0
m 0 13
1 9 2
2 7 0
3 8 1
t 296 0
f 1 1
m 0 14
1 9 3
2 6 0
3 8 2
t 295 0
m 0 13
1 9 4
2 6 1
3 7 2
t 294 0
m 0 12
1 8 4
2 5 1
3 8 2
t 293 0
m 1 12
1 8 5
2 5 0
3 9 2
t 292 1
m 1 11
1 8 6
2 5 1
3 9 3
t 291 1
m 1 11
1 9 6
2 5 0
3 9 2
t 290 1
m 0 11
1 8 6
2 5 1
3 8 2
t 289 3
m 0 11
1 8 5
2 5 0
3 8 1
t 288 3
m 0 10
1 9 5
2 6 0
3 8 0
t 287 3
m 0 11
1 8 5
2 5 0
3 9 0
t 286 3
m 1 11
1 8 6
2 5 1
3 9 1
t 285 3
m 1 10
1 9 6
2 6 1
3 9 0
t 284 5
m 1 9
1 9 5
2 5 1
3 8 0
t 283 7
m 1 8
1 9 6
2 4 1
3 9 0
t 282 8
m 1 8
1 8 6
2 4 2
3 9 1
t 281 8
m 1 8
1 8 7
2 4 3
3 9 0
t 280 8
m 1 7
1 9 7
2 3 3
3 9 1
t 279 10
m 1 7
1 9 8
2 2 3
3 8 1
t 278 10
m 1 7
1 9 9
2 1 3
3 8 2
t 277 10
m 2 7
1 9 10
2 1 2
3 9 2
t 276 12
m 1 7
1 9 11
2 0 2
3 8 2
t 275 12
m 1 6
1 8 11
2 0 1
3 9 2
t 274 14
m 1 6
1 7 11
2 0 0
3 9 1
t 273 14
m 0 6
1 8 11
2 0 1
3 9 0
t 272 14
m 0 5
1 9 11
2 1 1
3 8 0
t 271 16
m 1 5
1 9 12
2 2 1
3 9 0
t 270 16
m 1 6
1 9 13
2 2 0
3 9 1
t 269 16
m 1 5
1 8 13
2 2 1
3 9 0
t 268 16
m 1 6
1 8 12
2 2 2
3 8 0
t 267 16
m 1 5
1 8 13
2 2 3
3 7 0
t 266 16
m 1 5
1 8 14
2 2 2
3 8 0
t 265 16
m 2 5
1 9 14
2 1 2
3 9 0
t 264 17
m 2 6
1 9 13
2 0 2
3 9 1
t 263 19
m 1 6
1 8 13
2 1 2
3 9 2
t 262 19
m 1 7
1 9 13
2 2 2
3 9 1
t 261 19
m 1 6
1 9 14
2 2 1
3 9 2
t 260 19
m 2 6
1 8 14
2 2 0
3 9 1
t 259 19
m 2 7
1 9 14
2 1 0
3 8 1
t 258 19
m 2 7
1 9 13
2 0 0
3 9 1
t 257 19
m 2 6
1 9 12
2 1 0
3 9 2
t 256 19
m 2 7
1 8 12
2 1 1
3 9 1
t 255 19
m 2 6
1 8 11
2 2 1
3 9 0
t 254 19
m 2 6
1 9 11
2 2 0
3 8 0
t 253 19
m 2 5
1 9 10
2 1 0
3 9 0
t 252 19
m 2 5
1 9 9
2 0 0
3 8 0
t 251 19
m 1 5
1 8 9
2 1 0
3 9 0
t 250 19
m 2 5
1 9 9
2 0 0
3 9 1
t 249 19
m 2 4
1 9 10
2 1 0
3 9 2
t 248 21
m 1 4
1 9 11
2 2 0
3 8 2
t 247 23
m 1 3
1 9 12
2 2 1
3 8 1
t 246 23
m 1 2
1 8 12
2 2 0
3 8 2
t 245 25
m 0 2
1 8 11
2 3 0
3 8 3
t 244 26
m 0 2
1 7 11
2 3 1
3 8 2
t 243 26
m 0 1
1 7 10
2 3 0
3 8 3
t 242 28
m 0 2
1 8 10
2 4 0
3 8 4
t 241 28
m 0 1
1 8 9
2 3 0
3 8 5
t 240 28
m 0 1
1 9 9
2 2 0
3 7 5
t 239 28
m 0 2
1 8 9
2 3 0
3 7 4
t 238 28
m 0 1
1 8 8
2 4 0
3 7 3
t 237 28
m 0 0
1 8 9
2 5 0
3 8 3
t 236 28
m 0 1
1 8 8
2 6 0
3 8 4
t 235 28
m 0 1
1 8 9
2 5 0
3 8 3
t 234 28
m 0 2
1 9 9
2 4 0
3 9 3
t 233 28
m 0 3
1 9 10
2 5 0
3 9 2
t 232 30
m 0 2
1 9 9
2 5 1
3 9 3
t 231 30
m 0 1
1 8 9
2 4 1
3 9 4
t 230 30
m 1 1
1 9 9
2 3 1
3 9 5
t 229 40
m 0 1
1 8 9
2 3 0
3 9 4
t 228 40
m 0 2
1 7 9
2 4 0
3 9 5
t 227 40
m 0 3
1 7 10
2 4 1
3 8 5
t 226 40
m 1 3
1 8 10
2 4 2
3 9 5
t 225 40
m 1 4
1 7 10
2 5 2
3 9 4
t 224 40
f 2 6
m 1 3
1 8 10
2 5 1
3 9 5
t 223 40
m 1 3
1 7 10
2 5 0
3 9 6
t 222 40
m 0 3
1 7 11
2 5 1
3 8 6
t 221 40
m 0 3
1 7 10
2 5 0
3 9 6
t 220 40
m 0 3
1 7 11
2 6 0
3 9 5
t 219 40
m 0 2
1 8 11
2 7 0
3 9 6
t 218 40
m 0 3
1 8 12
2 6 0
3 9 7
t 217 40
m 1 3
1 9 12
2 7 0
3 9 6
t 216 40
m 1 4
1 8 12
2 6 0
3 8 6
t 215 40
m 1 5
1 9 12
2 7 0
3 9 6
t 214 40
m 1 4
1 8 12
2 8 0
3 9 5
t 213 40
m 1 3
1 8 11
2 8 1
3 8 5
t 212 40
m 0 3
1 8 10
2 8 0
3 9 5
t 211 40
m 0 3
1 9 10
2 9 0
3 8 5
t 210 40
m 0 2
1 8 10
2 8 0
3 9 5
t 209 40
m 0 2
1 8 9
2 7 0
3 9 4
t 208 40
m 0 1
1 7 9
2 6 0
3 9 5
t 207 40
m 0 0
1 8 9
2 7 0
3 9 6
t 206 40
m 1 0
1 9 9
2 6 0
3 9 7
t 205 40
m 1 1
1 9 10
2 5 0
3 9 8
t 204 40
m 1 2
1 8 10
2 4 0
3 9 7
t 203 40
m 0 2
1 9 10
2 4 1
3 9 8
t 202 40
m 0 2
1 9 9
2 4 0
3 9 7
t 201 40
m 0 2
1 9 8
2 4 1
3 8 7
t 200 40
m 0 1
1 9 7
2 5 1
3 8 8
t 199 40
m 0 0
1 9 6
2 5 2
3 9 8
t 198 40
m 0 0
1 9 5
2 4 2
3 8 8
t 197 40
m 0 1
1 9 4
2 5 2
3 9 8
t 196 40
m 1 1
1 9 3
2 6 2
3 9 9
t 195 40
m 1 2
1 9 4
2 7 2
3 8 9
t 194 40
m 2 2
1 9 5
2 6 2
3 9 9
t 193 40
m 2 3
1 8 5
2 5 2
3 9 10
t 192 40
m 2 4
1 9 5
2 6 2
3 9 11
t 191 40
m 1 4
1 8 5
2 6 1
3 9 12
t 190 40
m 1 5
1 7 5
2 6 2
3 8 12
t 189 40
m 0 5
1 7 6
2 6 1
3 8 13
t 188 40
m 0 6
1 6 6
2 6 0
3 9 13
t 187 40
m 0 5
1 7 6
2 5 0
3 9 14
t 186 40
m 0 5
1 8 6
2 6 0
3 9 13
t 185 40
m 0 6
1 9 6
2 5 0
3 9 14
t 184 40
m 1 6
1 8 6
2 4 0
3 9 13
t 183 40
m 1 6
1 7 6
2 5 0
3 8 13
t 182 40
m 1 7
1 8 6
2 6 0
3 9 13
t 181 40
m 0 7
1 8 7
2 7 0
3 8 13
t 180 40
m 0 6
1 9 7
2 6 0
3 9 13
t 179 40
m 0 5
1 9 8
2 7 0
3 9 14
t 178 40
m 0 5
1 9 9
2 8 0
3 8 14
t 177 40
m 1 5
1 9 10
2 7 0
3 9 14
t 176 40
m 1 6
1 9 9
2 8 0
3 9 13
t 175 40
m 1 7
1 8 9
2 7 0
3 8 13
t 174 40
m 0 7
1 8 8
2 8 0
3 8 14
t 173 40
m 0 8
1 9 8
2 8 1
3 7 14
t 172 40
m 0 7
1 9 7
2 9 1
3 6 14
t 171 40
m 0 8
1 9 8
2 9 2
3 7 14
t 170 40
m 0 8
1 9 7
2 9 1
3 6 14
t 169 40
m 0 7
1 8 7
2 9 0
3 7 14
t 168 40
m 1 7
1 9 7
2 9 1
3 6 14
t 167 40
m 1 8
1 8 7
2 8 1
3 7 14
t 166 40
m 0 8
1 9 7
2 9 1
3 6 14
t 165 40
m 0 7
1 9 8
2 9 2
3 7 14
t 164 40
m 0 6
1 9 9
2 8 2
3 6 14
t 163 40
m 1 6
1 9 8
2 9 2
3 5 14
t 162 40
m 2 6
1 9 9
2 9 3
3 6 14
t 161 50
m 2 6
1 9 10
2 9 2
3 5 14
t 160 50
m 2 7
1 9 11
2 9 3
3 5 13
t 159 50
m 2 6
1 9 10
2 8 3
3 5 14
t 158 50
m 2 6
1 9 9
2 7 3
3 5 13
t 157 50
m 1 6
1 9 8
2 7 4
3 5 14
t 156 50
m 1 5
1 9 9
2 7 5
3 4 14
t 155 50
m 1 4
1 9 8
2 7 4
3 5 14
t 154 50
m 1 5
1 9 7
2 8 4
3 4 14
t 153 50
m 1 4
1 9 8
2 8 3
3 4 13
t 152 50
m 2 4
1 9 9
2 9 3
3 4 14
t 151 50
m 3 4
1 8 9
2 9 4
3 3 14
t 150 50
m 3 5
1 8 10
2 8 4
3 4 14
t 149 50
f 3 3
m 3 6
1 8 11
2 7 4
3 5 14
t 148 52
m 2 6
1 7 11
2 7 3
3 6 14
t 147 52
m 2 6
1 8 11
2 7 2
3 5 14
t 146 52
m 2 5
1 9 11
2 7 3
3 5 13
t 145 52
m 2 5
1 9 10
2 7 4
3 4 13
t 144 52
m 2 4
1 9 11
2 7 5
3 4 12
t 143 52
m 1 4
1 9 10
2 8 5
3 4 13
t 142 52
m 1 4
1 9 11
2 8 4
3 5 13
t 141 52
m 2 4
1 9 10
2 9 4
3 5 14
t 140 52
m 2 5
1 9 11
2 9 5
3 5 13
t 139 52
m 2 4
1 9 10
2 8 5
3 5 14
t 138 52
m 1 4
1 8 10
2 8 4
3 5 13
t 137 52
m 1 3
1 9 10
2 7 4
3 4 13
t 136 52
m 0 3
1 8 10
2 7 5
3 4 14
t 135 52
m 0 3
1 9 10
2 7 6
3 3 14
t 134 52
m 1 3
1 9 11
2 8 6
3 3 13
t 133 52
m 1 4
1 9 10
2 8 5
3 3 14
t 132 52
m 2 4
1 9 9
2 9 5
3 2 14
t 131 52
m 3 4
1 9 10
2 9 4
3 3 14
t 130 52
m 4 4
1 8 10
2 9 3
3 4 14
t 129 53
m 4 4
1 8 9
2 9 2
3 3 14
t 128 53
m 3 4
1 9 9
2 9 1
3 3 13
t 127 53
m 3 4
1 8 9
2 9 0
3 4 13
t 126 53
m 4 4
1 9 9
2 8 0
3 3 13
t 125 53
m 3 4
1 8 9
2 7 0
3 4 13
t 124 53
m 4 4
1 7 9
2 8 0
3 5 13
t 123 53
m 4 4
1 8 9
2 9 0
3 4 13
t 122 53
m 5 4
1 9 9
2 9 1
3 3 13
t 121 53
m 5 4
1 9 8
2 8 1
3 2 13
t 120 53
m 5 4
1 9 7
2 9 1
3 1 13
t 119 53
m 4 4
1 8 7
2 9 2
3 2 13
t 118 53
m 4 4
1 9 7
2 8 2
3 1 13
t 117 53
m 4 4
1 8 7
2 9 2
3 0 13
t 116 53
m 4 4
1 9 7
2 8 2
3 0 12
t 115 53
m 4 4
1 9 8
2 8 3
3 0 11
t 114 53
m 5 4
1 9 7
2 9 3
3 0 10
t 113 53
m 5 4
1 9 8
2 9 4
3 0 11
t 112 53
m 5 4
1 9 7
2 9 3
3 1 11
t 111 53
m 5 3
1 9 8
2 9 2
3 0 11
t 110 53
m 5 4
1 9 9
2 9 3
3 1 11
t 109 53
m 4 4
1 8 9
2 9 4
3 1 10
t 108 53
m 3 4
1 8 8
2 9 5
3 1 11
t 107 53
m 3 3
1 8 9
2 8 5
3 2 11
t 106 63
m 3 3
1 9 9
2 8 6
3 2 12
t 105 63
m 3 3
1 9 10
2 8 7
3 2 11
t 104 63
m 3 3
1 9 11
2 8 6
3 3 11
t 103 63
m 3 2
1 9 12
2 8 7
3 2 11
t 102 65
m 3 1
1 8 12
2 9 7
3 2 12
t 101 65
m 3 1
1 8 11
2 9 6
3 1 12
t 100 65
m 3 0
1 7 11
2 8 6
3 1 13
t 99 67
m 3 1
1 7 10
2 9 6
3 2 13
t 98 67
m 4 1
1 7 11
2 9 7
3 3 13
t 97 67
m 4 2
1 8 11
2 9 8
3 3 14
t 96 67
f 2 3
m 3 2
1 8 12
2 9 9
3 2 14
t 95 67
m 3 2
1 9 12
2 8 9
3 3 14
t 94 67
m 3 2
1 9 13
2 9 9
3 2 14
t 93 67
m 3 1
1 9 14
2 8 9
3 3 14
t 92 67
m 4 1
1 9 13
2 7 9
3 4 14
t 91 67
m 3 1
1 8 13
2 7 10
3 5 14
t 90 67
m 3 1
1 8 14
2 7 9
3 4 14
t 89 67
m 2 1
1 9 14
2 7 10
3 5 14
t 88 67
m 2 0
1 9 13
2 7 9
3 4 14
t 87 69
m 1 0
1 9 12
2 7 10
3 5 14
t 86 69
m 0 0
1 9 13
2 7 9
3 4 14
t 85 69
m 0 1
1 9 14
2 8 9
3 5 14
t 84 69
m 0 2
1 8 14
2 8 10
3 6 14
t 83 69
m 0 3
1 9 14
2 8 9
3 5 14
t 82 69
m 0 2
1 8 14
2 9 9
3 6 14
t 81 69
m 0 3
1 8 13
2 9 8
3 5 14
t 80 69
m 1 3
1 8 14
2 9 9
3 5 13
t 79 69
m 1 4
1 9 14
2 8 9
3 4 13
t 78 69
m 1 3
1 9 13
2 9 9
3 5 13
t 77 69
m 1 3
1 9 14
2 9 10
3 5 14
t 76 69
m 0 3
1 8 14
2 9 11
3 5 13
t 75 69
m 1 3
1 9 14
2 8 11
3 4 13
t 74 69
m 2 3
1 8 14
2 8 10
3 3 13
t 73 79
m 2 3
1 9 14
2 8 11
3 3 14
t 72 79
m 2 3
1 8 14
2 8 12
3 3 13
t 71 79
m 2 4
1 8 13
2 8 13
3 4 13
t 70 79
m 2 4
1 9 13
2 9 13
3 4 14
t 69 79
m 2 5
1 9 14
2 8 13
3 5 14
t 68 79
m 2 4
1 8 14
2 9 13
3 6 14
t 67 79
m 3 4
1 7 14
2 9 12
3 5 14
t 66 79
m 4 4
1 8 14
2 9 13
3 4 14
t 65 79
m 3 4
1 9 14
2 9 12
3 4 13
t 64 79
m 4 4
1 8 14
2 9 11
3 4 12
t 63 79
m 4 3
1 7 14
2 9 12
3 3 12
t 62 81
f 0 3
m 3 3
1 8 14
2 9 13
3 4 12
t 61 81
m 4 3
1 9 14
2 9 12
3 3 12
t 60 81
m 4 3
1 8 14
2 9 11
3 2 12
t 59 81
m 4 2
1 9 14
2 9 10
3 1 12
t 58 81
m 4 1
1 9 13
2 9 9
3 0 12
t 57 81
m 4 2
1 8 13
2 8 9
3 1 12
t 56 81
m 4 1
1 9 13
2 7 9
3 2 12
t 55 81
m 4 2
1 9 14
2 8 9
3 3 12
t 54 81
m 5 2
1 8 14
2 8 8
3 4 12
t 53 81
m 5 2
1 7 14
2 9 8
3 3 12
t 52 81
m 6 2
1 8 14
2 8 8
3 2 12
t 51 81
m 6 1
1 7 14
2 9 8
3 1 12
t 50 82
m 5 1
1 8 14
2 9 9
3 2 12
t 49 84
m 4 1
1 8 13
2 9 10
3 1 12
t 48 84
m 5 1
1 8 14
2 8 10
3 1 13
t 47 84
m 5 2
1 7 14
2 8 11
3 2 13
t 46 84
m 6 2
1 8 14
2 9 11
3 2 14
t 45 84
m 6 2
1 8 13
2 8 11
3 2 13
t 44 84
m 5 2
1 9 13
2 7 11
3 2 12
t 43 84
m 4 2
1 8 13
2 7 10
3 2 11
t 42 84
m 5 2
1 8 14
2 7 9
3 2 12
t 41 84
m 5 2
1 8 13
2 8 9
3 1 12
t 40 84
m 5 3
1 9 13
2 7 9
3 0 12
t 39 84
m 5 4
1 8 13
2 7 10
3 0 13
t 38 84
m 5 3
1 9 13
2 7 11
3 0 14
t 37 84
m 4 3
1 9 14
2 7 10
3 1 14
t 36 84
m 4 2
1 9 13
2 7 9
3 1 13
t 35 84
m 4 1
1 9 14
2 7 10
3 0 13
t 34 84
m 5 1
1 8 14
2 7 9
3 1 13
t 33 84
m 5 0
1 9 14
2 7 10
3 0 13
t 32 86
m 6 0
1 9 13
2 8 10
3 0 12
t 31 86
m 6 0
1 9 14
2 8 11
3 0 13
t 30 86
m 6 0
1 9 13
2 9 11
3 0 12
t 29 86
m 7 0
1 9 14
2 8 11
3 0 13
t 28 88
m 7 0
1 8 14
2 9 11
3 0 12
t 27 88
m 7 0
1 7 14
2 9 12
3 0 13
t 26 88
m 7 0
1 6 14
2 9 11
3 1 13
t 25 88
m 7 0
1 7 14
2 8 11
3 0 13
t 24 88
m 8 0
1 8 14
2 7 11
3 1 13
t 23 90
m 9 0
1 7 14
2 8 11
3 2 13
t 22 91
m 9 1
1 6 14
2 8 10
3 1 13
t 21 93
m 9 2
1 7 14
2 7 10
3 1 12
t 20 93
m 9 1
1 6 14
2 8 10
3 1 13
t 19 93
m 9 1
1 5 14
2 7 10
3 0 13
t 18 93
m 9 0
1 4 14
2 8 10
3 0 12
t 17 93
m 9 1
1 5 14
2 8 9
3 0 13
t 16 93
m 9 2
1 4 14
2 8 10
3 0 12
t 15 93
m 8 2
1 5 14
2 7 10
3 0 13
t 14 95
m 7 2
1 4 14
2 7 9
3 0 14
t 13 95
m 8 2
1 5 14
2 8 9
3 1 14
t 12 95
m 7 2
1 4 14
2 9 9
3 1 13
t 11 95
m 7 3
1 5 14
2 8 9
3 0 13
t 10 95
m 7 3
1 5 13
2 8 8
3 0 12
t 9 95
m 8 3
1 4 13
2 9 8
3 1 12
t 8 97
m 8 2
1 3 13
2 9 9
3 2 12
t 7 97
m 8 1
1 4 13
2 9 8
3 1 12
t 6 98
m 8 0
1 4 14
2 9 7
3 1 11
t 5 98
m 8 1
1 3 14
2 9 6
3 0 11
t 4 98
m 9 1
1 4 14
2 9 5
3 0 12
t 3 98
m 8 1
1 5 14
2 8 5
3 0 13
t 2 98
m 9 1
1 5 13
2 8 4
3 1 13
t 1 98
m 9 0
1 4 13
2 8 3
3 2 13
t 0 98

