Result Log
# Experiment Configuration Properties: 
# Using timer seed: true
# Random seed of 10
# Number of runs is 30
# Number of evaluations is 2000
# Population size is 30
# Birth rate is 4
# Mating pool size is 6
# Survival selection bracket size is 5
# Max tree depth is 10
# Parsimony pressure is 0.05
# Convergence termination is 10
# Mutation rate is 0.02
# Using log file logs/config2log.log
# Using world file games/config2world.log
# Using solution file solutions/config2solution.log
# Using ghost solution file solutions/config2ghostsolution.log
# Using survival selection truncation
# Using parent selection fitnessProportional
# Using termination strategy numberOfEvals
# Chose timer seed to be 1480830585037

# GPac Configuration Properties: 
# Width is 10
# Height is 15
# Fruit score is 10
# Time multiplier is 2
# Pill density is 0.5
# Wall density is 0.25
# Fruit spawn probability is 0.05
Run 1
60	7	70
128	14	69
196	9	57
264	11	80
332	11	69
400	14	55
468	14	75
536	15	69
604	13	59
672	11	45
740	19	67
808	20	88
876	17	60
944	14	80
1012	12	54
1080	15	73
1148	15	65
1216	8	41
1284	12	86
1352	8	82
1420	10	78
1488	14	80
1556	11	86
1624	15	84
1692	11	51
1760	16	74
1828	12	45
1896	12	62
1964	18	67
2032	15	55

Run 2
60	12	61
128	18	73
196	18	56
264	10	61
332	12	66
400	12	89
468	26	79
536	22	51
604	26	81
672	23	61
740	24	77
808	21	49
876	19	66
944	22	110
1012	17	57
1080	22	63
1148	17	49
1216	14	60
1284	24	100
1352	21	56
1420	10	41
1488	24	94
1556	23	68
1624	23	65
1692	23	78
1760	24	80
1828	18	78
1896	22	76
1964	19	46
2032	19	49

Run 3
60	18	74
128	12	60
196	6	53
264	5	46
332	6	60
400	9	60
468	8	75
536	10	92
604	2	48
672	8	53
740	7	57
808	3	51
876	10	70
944	9	60
1012	9	71
1080	9	72
1148	7	82
1216	6	45
1284	6	54
1352	9	52
1420	13	77
1488	8	71
1556	0	41
1624	10	63
1692	8	66
1760	17	89
1828	7	77
1896	2	67
1964	1	50
2032	4	47

Run 4
60	9	79
128	16	57
196	14	50
264	16	60
332	11	46
400	9	54
468	14	60
536	11	81
604	12	90
672	12	72
740	13	64
808	10	64
876	5	25
944	6	51
1012	6	46
1080	11	69
1148	13	57
1216	13	80
1284	12	55
1352	5	54
1420	10	51
1488	5	55
1556	6	62
1624	10	67
1692	7	53
1760	3	33
1828	8	45
1896	9	51
1964	7	50
2032	7	72

Run 5
60	7	64
128	11	47
196	14	52
264	15	59
332	11	48
400	15	59
468	8	32
536	9	52
604	14	60
672	13	55
740	11	44
808	10	53
876	7	34
944	11	52
1012	15	73
1080	12	71
1148	12	62
1216	15	54
1284	10	61
1352	8	57
1420	13	69
1488	8	50
1556	11	42
1624	10	81
1692	11	45
1760	10	62
1828	12	58
1896	11	61
1964	15	71
2032	15	71

Run 6
60	15	52
128	18	73
196	16	62
264	20	56
332	25	65
400	25	53
468	28	71
536	25	76
604	27	62
672	30	64
740	29	70
808	27	89
876	30	66
944	26	64
1012	25	67
1080	23	51
1148	23	69
1216	19	73
1284	24	59
1352	19	44
1420	21	62
1488	24	92
1556	23	75
1624	21	82
1692	18	42
1760	23	52
1828	19	59
1896	17	50
1964	18	80
2032	24	63

Run 7
60	12	61
128	15	69
196	19	59
264	18	81
332	18	63
400	19	67
468	16	53
536	12	66
604	13	60
672	12	49
740	12	39
808	12	48
876	11	48
944	12	37
1012	14	61
1080	12	51
1148	10	43
1216	10	35
1284	13	50
1352	13	69
1420	11	45
1488	13	68
1556	12	52
1624	10	44
1692	12	58
1760	14	54
1828	9	40
1896	14	50
1964	14	50
2032	16	64

Run 8
60	14	75
128	20	65
196	21	88
264	14	57
332	14	69
400	13	73
468	16	80
536	14	82
604	13	49
672	18	72
740	15	56
808	15	76
876	18	62
944	12	57
1012	18	54
1080	18	67
1148	13	65
1216	16	76
1284	11	55
1352	16	59
1420	15	72
1488	12	48
1556	11	45
1624	14	57
1692	16	73
1760	15	70
1828	10	63
1896	8	64
1964	11	69
2032	10	53

Run 9
60	18	70
128	23	66
196	22	54
264	26	58
332	25	79
400	21	77
468	19	60
536	23	98
604	21	70
672	23	55
740	19	48
808	16	58
876	19	75
944	24	76
1012	21	63
1080	21	77
1148	19	64
1216	20	57
1284	20	55
1352	21	62
1420	17	64
1488	22	73
1556	18	58
1624	21	95
1692	18	82
1760	20	69
1828	13	59
1896	23	64
1964	18	69
2032	21	73

Run 10
60	8	86
128	11	70
196	7	99
264	11	73
332	7	63
400	9	46
468	6	49
536	11	88
604	9	67
672	11	77
740	9	46
808	10	87
876	6	67
944	8	80
1012	7	85
1080	10	82
1148	11	88
1216	7	57
1284	7	76
1352	9	63
1420	9	54
1488	12	75
1556	13	64
1624	11	73
1692	9	61
1760	12	69
1828	7	50
1896	8	84
1964	7	49
2032	12	73

Run 11
60	11	64
128	10	60
196	8	69
264	8	60
332	11	81
400	11	64
468	13	61
536	9	44
604	11	56
672	10	54
740	9	55
808	9	44
876	16	66
944	8	50
1012	13	71
1080	13	59
1148	10	64
1216	13	79
1284	10	45
1352	12	56
1420	11	48
1488	11	59
1556	7	42
1624	10	90
1692	8	33
1760	8	48
1828	4	42
1896	6	40
1964	9	45
2032	11	71

Run 12
60	8	68
128	11	49
196	14	84
264	11	53
332	17	98
400	15	57
468	14	55
536	13	57
604	9	48
672	7	36
740	14	72
808	11	61
876	10	58
944	8	46
1012	9	46
1080	9	44
1148	9	53
1216	11	66
1284	12	63
1352	10	59
1420	13	72
1488	11	61
1556	11	66
1624	10	58
1692	12	54
1760	11	55
1828	12	52
1896	9	41
1964	11	67
2032	11	66

Run 13
60	7	79
128	12	50
196	17	67
264	12	63
332	16	64
400	11	57
468	14	81
536	11	49
604	15	72
672	12	56
740	11	48
808	10	53
876	12	41
944	11	50
1012	12	50
1080	9	49
1148	12	76
1216	8	64
1284	13	47
1352	8	45
1420	14	48
1488	14	60
1556	13	56
1624	15	79
1692	14	71
1760	15	52
1828	12	47
1896	10	47
1964	13	54
2032	13	47

Run 14
60	14	55
128	14	48
196	15	76
264	17	73
332	19	66
400	17	55
468	18	72
536	22	73
604	11	57
672	18	74
740	19	83
808	17	75
876	20	79
944	13	66
1012	16	81
1080	19	72
1148	12	62
1216	13	63
1284	12	49
1352	14	67
1420	12	61
1488	11	42
1556	13	46
1624	13	60
1692	13	62
1760	13	53
1828	13	58
1896	16	70
1964	11	36
2032	16	67

Run 15
60	13	56
128	14	73
196	17	66
264	9	41
332	16	71
400	16	70
468	14	66
536	16	85
604	16	68
672	17	62
740	19	79
808	14	75
876	14	49
944	11	45
1012	10	41
1080	14	57
1148	12	46
1216	11	52
1284	8	34
1352	9	51
1420	10	60
1488	11	67
1556	13	63
1624	8	56
1692	9	53
1760	16	68
1828	14	50
1896	11	57
1964	12	58
2032	14	58

Run 16
60	19	86
128	16	59
196	18	69
264	15	43
332	17	55
400	12	63
468	12	61
536	15	82
604	12	55
672	11	42
740	10	68
808	13	70
876	15	56
944	16	54
1012	11	65
1080	12	67
1148	11	67
1216	11	67
1284	11	59
1352	13	58
1420	12	47
1488	10	47
1556	12	51
1624	12	49
1692	12	44
1760	8	53
1828	11	45
1896	10	44
1964	10	36
2032	12	44

Run 17
60	14	75
128	17	65
196	21	84
264	14	95
332	21	93
400	22	78
468	11	56
536	15	54
604	20	87
672	22	75
740	19	91
808	16	56
876	21	79
944	18	79
1012	18	89
1080	18	76
1148	19	81
1216	16	72
1284	21	71
1352	21	78
1420	21	79
1488	23	88
1556	17	64
1624	16	74
1692	15	45
1760	16	69
1828	21	83
1896	18	88
1964	19	73
2032	18	74

Run 18
60	20	73
128	10	52
196	12	68
264	16	66
332	17	48
400	17	64
468	15	51
536	18	76
604	20	62
672	22	83
740	13	62
808	14	66
876	15	69
944	15	57
1012	12	40
1080	14	53
1148	17	71
1216	12	58
1284	13	62
1352	11	53
1420	12	67
1488	13	53
1556	12	74
1624	13	51
1692	15	81
1760	13	64
1828	10	47
1896	15	70
1964	11	54
2032	11	56

Run 19
60	10	79
128	16	76
196	21	79
264	22	79
332	15	70
400	13	87
468	14	84
536	11	64
604	13	69
672	10	81
740	17	65
808	13	66
876	18	69
944	16	58
1012	14	56
1080	12	53
1148	17	79
1216	10	55
1284	14	61
1352	19	110
1420	15	64
1488	16	78
1556	15	77
1624	12	55
1692	12	48
1760	15	76
1828	13	66
1896	14	83
1964	16	52
2032	14	61

Run 20
60	11	53
128	13	74
196	12	51
264	12	77
332	7	50
400	11	69
468	8	54
536	10	57
604	12	51
672	17	79
740	14	53
808	17	61
876	13	56
944	13	49
1012	9	53
1080	10	44
1148	14	68
1216	10	41
1284	11	66
1352	12	86
1420	11	89
1488	11	55
1556	11	41
1624	9	44
1692	12	54
1760	9	68
1828	10	46
1896	12	59
1964	12	57
2032	9	34

Run 21
60	12	66
128	17	66
196	13	86
264	15	79
332	16	86
400	12	62
468	14	75
536	20	85
604	11	56
672	9	88
740	14	53
808	12	79
876	15	79
944	14	79
1012	14	99
1080	18	87
1148	19	77
1216	20	73
1284	9	47
1352	22	100
1420	14	59
1488	10	64
1556	9	73
1624	17	88
1692	9	55
1760	5	77
1828	4	74
1896	15	74
1964	10	94
2032	13	70

Run 22
60	12	63
128	18	86
196	18	69
264	22	62
332	25	82
400	16	58
468	18	85
536	14	49
604	21	108
672	16	46
740	18	77
808	28	76
876	17	54
944	18	106
1012	17	70
1080	15	51
1148	18	67
1216	19	63
1284	14	77
1352	16	62
1420	23	75
1488	18	64
1556	20	64
1624	21	108
1692	18	93
1760	14	47
1828	20	79
1896	21	73
1964	16	58
2032	14	54

Run 23
60	11	45
128	18	53
196	17	63
264	14	60
332	12	45
400	16	60
468	14	61
536	16	67
604	14	57
672	14	48
740	15	78
808	13	52
876	17	67
944	16	62
1012	17	57
1080	18	73
1148	22	61
1216	14	49
1284	13	52
1352	11	53
1420	13	43
1488	13	53
1556	12	50
1624	14	49
1692	17	85
1760	18	78
1828	13	57
1896	15	68
1964	14	58
2032	15	60

Run 24
60	9	79
128	15	66
196	12	47
264	22	64
332	18	52
400	20	69
468	21	66
536	21	59
604	21	61
672	17	61
740	21	67
808	16	51
876	17	55
944	19	75
1012	20	84
1080	12	47
1148	17	49
1216	18	72
1284	21	48
1352	17	54
1420	24	78
1488	19	56
1556	16	44
1624	18	76
1692	19	59
1760	14	49
1828	18	68
1896	17	56
1964	17	62
2032	15	92

Run 25
60	12	62
128	19	86
196	10	49
264	16	79
332	15	78
400	12	51
468	11	80
536	14	81
604	11	94
672	17	81
740	12	89
808	10	56
876	6	55
944	7	62
1012	9	63
1080	2	38
1148	1	64
1216	7	68
1284	8	58
1352	7	58
1420	2	62
1488	2	34
1556	3	69
1624	0	40
1692	3	44
1760	2	56
1828	1	60
1896	3	51
1964	1	31
2032	5	55

Run 26
60	12	57
128	13	60
196	20	76
264	15	68
332	19	66
400	18	54
468	11	40
536	14	47
604	17	90
672	16	65
740	12	58
808	7	55
876	12	50
944	13	62
1012	12	66
1080	11	56
1148	12	52
1216	10	67
1284	13	53
1352	6	40
1420	10	83
1488	12	70
1556	9	80
1624	9	54
1692	8	43
1760	11	69
1828	9	48
1896	12	76
1964	10	55
2032	13	59

Run 27
60	5	53
128	8	64
196	13	84
264	9	55
332	6	59
400	12	60
468	8	84
536	15	73
604	7	70
672	11	79
740	9	51
808	13	69
876	11	86
944	16	86
1012	20	86
1080	21	89
1148	21	84
1216	15	61
1284	11	45
1352	11	68
1420	9	56
1488	13	64
1556	11	59
1624	11	66
1692	9	85
1760	12	69
1828	8	64
1896	10	59
1964	10	71
2032	14	85

Run 28
60	10	59
128	18	64
196	22	76
264	15	54
332	18	83
400	29	107
468	19	98
536	20	84
604	19	99
672	27	86
740	20	71
808	18	76
876	23	61
944	18	78
1012	14	51
1080	16	75
1148	21	72
1216	18	45
1284	26	89
1352	25	64
1420	17	38
1488	19	81
1556	25	66
1624	22	86
1692	15	72
1760	20	63
1828	22	50
1896	18	82
1964	20	78
2032	17	75

Run 29
60	12	54
128	17	84
196	17	80
264	16	74
332	15	66
400	16	74
468	9	74
536	13	77
604	7	41
672	9	73
740	7	77
808	10	76
876	16	91
944	12	86
1012	15	67
1080	10	62
1148	14	77
1216	7	47
1284	9	65
1352	10	84
1420	14	89
1488	9	63
1556	19	96
1624	11	55
1692	10	72
1760	17	80
1828	11	96
1896	14	61
1964	14	88
2032	17	66

Run 30
60	17	47
128	17	85
196	17	55
264	21	66
332	17	44
400	19	64
468	17	73
536	16	66
604	18	63
672	19	76
740	18	72
808	16	66
876	14	62
944	16	55
1012	18	68
1080	16	61
1148	14	45
1216	17	68
1284	14	60
1352	19	91
1420	12	64
1488	13	57
1556	13	51
1624	11	78
1692	13	51
1760	13	57
1828	11	47
1896	6	42
1964	19	78
2032	12	73

